# Домашнее задание к занятию 12.5. «Индексы» Рогачев Дмитрий


# Задание 1 

```mysql
SELECT  SUM(DATA_LENGTH) , SUM(INDEX_LENGTH), CONCAT(  ROUND ((SUM(INDEX_LENGTH) / SUM(DATA_LENGTH)) *100), ' %')  AS Отношение
FROM INFORMATION_SCHEMA.TABLES 
WHERE  TABLE_SCHEMA = 'sakila';
```

# Задание 2

На мой взгляд, в данном запросе лишние операторы: distinct, over (partition by c.customer_id, f.title) и лишняя выборка по фильму таблица film.

* Оптимизировал запрос
```mysql
explain analyze
select distinct concat(c.last_name, ' ', c.first_name), sum(p.amount) over (partition by c.customer_id, f.title)
from payment p, rental r, customer c, inventory i, film f
where date(p.payment_date) = '2005-07-30' and p.payment_date = r.rental_date and r.customer_id = c.customer_id and i.inventory_id = r.inventory_id;

-> Limit: 20000 row(s)  (cost=0.00..0.00 rows=0) (actual time=6338.643..6338.735 rows=391 loops=1)
-> Table scan on <temporary>  (cost=2.50..2.50 rows=0) (actual time=6338.640..6338.706 rows=391 loops=1)
-> Temporary table with deduplication  (cost=0.00..0.00 rows=0) (actual time=6338.637..6338.637 rows=391 loops=1)
-> Window aggregate with buffering: sum(payment.amount) OVER (PARTITION BY c.customer_id,f.title )   (actual time=2908.550..6118.442 rows=642000 loops=1)
-> Sort: c.customer_id, f.title  (actual time=2908.495..2997.623 rows=642000 loops=1)
-> Stream results  (cost=22211557.90 rows=16700349) (actual time=0.421..2144.208 rows=642000 loops=1)
-> Nested loop inner join  (cost=22211557.90 rows=16700349) (actual time=0.415..1860.647 rows=642000 loops=1)
-> Nested loop inner join  (cost=20537347.88 rows=16700349) (actual time=0.411..1635.544 rows=642000 loops=1)
-> Nested loop inner join  (cost=18863137.85 rows=16700349) (actual time=0.404..1361.625 rows=642000 loops=1)
-> Inner hash join (no condition)  (cost=1608774.80 rows=16086000) (actual time=0.391..65.670 rows=634000 loops=1)
-> Filter: (cast(p.payment_date as date) = '2005-07-30')  (cost=1.68 rows=16086) (actual time=0.034..6.962 rows=634 loops=1)
-> Table scan on p  (cost=1.68 rows=16086) (actual time=0.021..4.859 rows=16044 loops=1)
-> Hash
-> Covering index scan on f using idx_title  (cost=103.00 rows=1000) (actual time=0.049..0.262 rows=1000 loops=1)
-> Covering index lookup on r using rental_date (rental_date=p.payment_date)  (cost=0.97 rows=1) (actual time=0.001..0.002 rows=1 loops=634000)
-> Single-row index lookup on c using PRIMARY (customer_id=r.customer_id)  (cost=0.00 rows=1) (actual time=0.000..0.000 rows=1 loops=642000)
-> Single-row covering index lookup on i using PRIMARY (inventory_id=r.inventory_id)  (cost=0.00 rows=1) (actual time=0.000..0.000 rows=1 loops=642000)
```






